  body.cpp
  system.cpp
..\..\baseClasses\system.cpp(69): warning C4018: '<': signed/unsigned mismatch
..\..\baseClasses\system.cpp(91): warning C4018: '<': signed/unsigned mismatch
D:\Applications\Microsoft Visual Studio 14.0\VC\include\type_traits(1399): warning C4267: 'argument': conversion from 'size_t' to 'int', possible loss of data
  D:\Applications\Microsoft Visual Studio 14.0\VC\include\type_traits(1467): note: see reference to function template instantiation 'void std::_Invoker_functor::_Call<_Ty,unsigned __int64,unsigned __int64,int>(_Callable &&,unsigned __int64 &&,unsigned __int64 &&,int &&)' being compiled
          with
          [
              _Ty=System::update::<lambda_3593d8089a6bd909dce8422e8d0cc445>,
              _Callable=System::update::<lambda_3593d8089a6bd909dce8422e8d0cc445>
          ]
  D:\Applications\Microsoft Visual Studio 14.0\VC\include\thr/xthread(240): note: see reference to function template instantiation 'void std::invoke<System::update::<lambda_3593d8089a6bd909dce8422e8d0cc445>,unsigned __int64,unsigned __int64,int>(_Callable &&,unsigned __int64 &&,unsigned __int64 &&,int &&)' being compiled
          with
          [
              _Callable=System::update::<lambda_3593d8089a6bd909dce8422e8d0cc445>
          ]
  D:\Applications\Microsoft Visual Studio 14.0\VC\include\thr/xthread(249): note: see reference to function template instantiation 'void std::_LaunchPad<_Target>::_Execute<0,1,2,3>(std::tuple<System::update::<lambda_3593d8089a6bd909dce8422e8d0cc445>,unsigned __int64,unsigned __int64,int> &,std::integer_sequence<size_t,0,1,2,3>)' being compiled
          with
          [
              _Target=std::unique_ptr<std::tuple<System::update::<lambda_3593d8089a6bd909dce8422e8d0cc445>,unsigned __int64,unsigned __int64,int>,std::default_delete<std::tuple<System::update::<lambda_3593d8089a6bd909dce8422e8d0cc445>,unsigned __int64,unsigned __int64,int>>>
          ]
  D:\Applications\Microsoft Visual Studio 14.0\VC\include\thr/xthread(247): note: see reference to function template instantiation 'void std::_LaunchPad<_Target>::_Execute<0,1,2,3>(std::tuple<System::update::<lambda_3593d8089a6bd909dce8422e8d0cc445>,unsigned __int64,unsigned __int64,int> &,std::integer_sequence<size_t,0,1,2,3>)' being compiled
          with
          [
              _Target=std::unique_ptr<std::tuple<System::update::<lambda_3593d8089a6bd909dce8422e8d0cc445>,unsigned __int64,unsigned __int64,int>,std::default_delete<std::tuple<System::update::<lambda_3593d8089a6bd909dce8422e8d0cc445>,unsigned __int64,unsigned __int64,int>>>
          ]
  D:\Applications\Microsoft Visual Studio 14.0\VC\include\thr/xthread(244): note: while compiling class template member function 'void std::_LaunchPad<_Target>::_Run(std::_LaunchPad<_Target> *) noexcept'
          with
          [
              _Target=std::unique_ptr<std::tuple<System::update::<lambda_3593d8089a6bd909dce8422e8d0cc445>,unsigned __int64,unsigned __int64,int>,std::default_delete<std::tuple<System::update::<lambda_3593d8089a6bd909dce8422e8d0cc445>,unsigned __int64,unsigned __int64,int>>>
          ]
  D:\Applications\Microsoft Visual Studio 14.0\VC\include\thr/xthread(232): note: see reference to function template instantiation 'void std::_LaunchPad<_Target>::_Run(std::_LaunchPad<_Target> *) noexcept' being compiled
          with
          [
              _Target=std::unique_ptr<std::tuple<System::update::<lambda_3593d8089a6bd909dce8422e8d0cc445>,unsigned __int64,unsigned __int64,int>,std::default_delete<std::tuple<System::update::<lambda_3593d8089a6bd909dce8422e8d0cc445>,unsigned __int64,unsigned __int64,int>>>
          ]
  D:\Applications\Microsoft Visual Studio 14.0\VC\include\thr/xthread(259): note: see reference to class template instantiation 'std::_LaunchPad<_Target>' being compiled
          with
          [
              _Target=std::unique_ptr<std::tuple<System::update::<lambda_3593d8089a6bd909dce8422e8d0cc445>,unsigned __int64,unsigned __int64,int>,std::default_delete<std::tuple<System::update::<lambda_3593d8089a6bd909dce8422e8d0cc445>,unsigned __int64,unsigned __int64,int>>>
          ]
  D:\Applications\Microsoft Visual Studio 14.0\VC\include\thread(50): note: see reference to function template instantiation 'void std::_Launch<std::unique_ptr<std::tuple<System::update::<lambda_3593d8089a6bd909dce8422e8d0cc445>,unsigned __int64,unsigned __int64,int>,std::default_delete<_Ty>>>(_Thrd_t *,_Target &&)' being compiled
          with
          [
              _Ty=std::tuple<System::update::<lambda_3593d8089a6bd909dce8422e8d0cc445>,unsigned __int64,unsigned __int64,int>,
              _Target=std::unique_ptr<std::tuple<System::update::<lambda_3593d8089a6bd909dce8422e8d0cc445>,unsigned __int64,unsigned __int64,int>,std::default_delete<std::tuple<System::update::<lambda_3593d8089a6bd909dce8422e8d0cc445>,unsigned __int64,unsigned __int64,int>>>
          ]
  ..\..\baseClasses\system.cpp(92): note: see reference to function template instantiation 'std::thread::thread<System::update::<lambda_3593d8089a6bd909dce8422e8d0cc445>&,unsigned __int64,unsigned __int64,int&,void>(_Fn,unsigned __int64 &&,unsigned __int64 &&,int &)' being compiled
          with
          [
              _Fn=System::update::<lambda_3593d8089a6bd909dce8422e8d0cc445> &
          ]
  Universe.cpp
  BlackHole.cpp
  DarkMatterHalo.cpp
  Galaxy.cpp
  Gas.cpp
  Star.cpp
  main.cpp
  ProtoplanetaryCloud.cpp
  Utilities.cpp
..\..\Utilities\Utilities.cpp(52): warning C4244: 'return': conversion from 'double' to 'int', possible loss of data
  XmlReader.cpp
..\..\Utilities\XmlReader.cpp(81): warning C4244: '=': conversion from 'double' to 'int', possible loss of data
..\..\Utilities\XmlReader.cpp(147): warning C4800: 'double': forcing value to bool 'true' or 'false' (performance warning)
..\..\Utilities\XmlReader.cpp(175): warning C4800: 'double': forcing value to bool 'true' or 'false' (performance warning)
  Generating code
  All 1136 functions were compiled because no usable IPDB/IOBJ from previous compilation was found.
  Finished generating code
  Moonglum-VS2015.vcxproj -> C:\_projects\Moonglum\Moonglum-VS2015\x64\Release\Moonglum-VS2015.exe
  Moonglum-VS2015.vcxproj -> C:\_projects\Moonglum\Moonglum-VS2015\x64\Release\Moonglum-VS2015.pdb (Full PDB)
